<?xml version="1.0" encoding="UTF-8"?>
<!-- Generated by org.testng.reporters.JUnitXMLReporter -->
<testsuite hostname="ELSML01NA110Q" ignored="0" name="Surefire test" tests="11" failures="7" timestamp="27 Jun 2017 20:20:44 GMT" time="8.199" errors="0">
  <testcase name="testEmptyKey" time="3.722" classname="com.nasa.gov.rest.SoundsTest"/>
  <testcase name="testEmptySearchRequest" time="0.402" classname="com.nasa.gov.rest.SoundsTest">
    <failure type="java.lang.AssertionError" message="expected [200] but found [429]">
      <![CDATA[java.lang.AssertionError: expected [200] but found [429]
	at com.nasa.gov.rest.SoundsTest.testEmptySearchRequest(SoundsTest.java:58)
... Removed 35 stack frames]]>
    </failure>
  </testcase> <!-- testEmptySearchRequest -->
  <testcase name="testInvalidKey" time="0.44" classname="com.nasa.gov.rest.SoundsTest"/>
  <testcase name="testInvalidLimit" time="0.416" classname="com.nasa.gov.rest.SoundsTest">
    <failure type="java.lang.AssertionError" message="1 expectation failed.
Expected status code &amp;lt;500&amp;gt; doesn&amp;apos;t match actual status code &amp;lt;429&amp;gt;.
">
      <![CDATA[java.lang.AssertionError: 1 expectation failed.
Expected status code <500> doesn't match actual status code <429>.

	at org.codehaus.groovy.runtime.callsite.ConstructorSite$ConstructorSiteNoUnwrap.callConstructor(ConstructorSite.java:84)
	at org.codehaus.groovy.runtime.callsite.CallSiteArray.defaultCallConstructor(CallSiteArray.java:60)
	at org.codehaus.groovy.runtime.callsite.AbstractCallSite.callConstructor(AbstractCallSite.java:235)
	at org.codehaus.groovy.runtime.callsite.AbstractCallSite.callConstructor(AbstractCallSite.java:247)
	at com.jayway.restassured.internal.ResponseSpecificationImpl$HamcrestAssertionClosure.validate(ResponseSpecificationImpl.groovy:598)
	at com.jayway.restassured.internal.ResponseSpecificationImpl$HamcrestAssertionClosure$validate$1.call(Unknown Source)
	at com.jayway.restassured.internal.ResponseSpecificationImpl.validateResponseIfRequired(ResponseSpecificationImpl.groovy:760)
	at org.codehaus.groovy.runtime.callsite.PogoMetaMethodSite$PogoCachedMethodSiteNoUnwrapNoCoerce.invoke(PogoMetaMethodSite.java:210)
	at org.codehaus.groovy.runtime.callsite.PogoMetaMethodSite.callCurrent(PogoMetaMethodSite.java:59)
	at org.codehaus.groovy.runtime.callsite.CallSiteArray.defaultCallCurrent(CallSiteArray.java:52)
	at org.codehaus.groovy.runtime.callsite.AbstractCallSite.callCurrent(AbstractCallSite.java:154)
	at org.codehaus.groovy.runtime.callsite.AbstractCallSite.callCurrent(AbstractCallSite.java:166)
	at com.jayway.restassured.internal.ResponseSpecificationImpl.statusCode(ResponseSpecificationImpl.groovy:120)
	at com.jayway.restassured.specification.ResponseSpecification$statusCode$1.callCurrent(Unknown Source)
	at org.codehaus.groovy.runtime.callsite.CallSiteArray.defaultCallCurrent(CallSiteArray.java:52)
	at org.codehaus.groovy.runtime.callsite.AbstractCallSite.callCurrent(AbstractCallSite.java:154)
	at org.codehaus.groovy.runtime.callsite.AbstractCallSite.callCurrent(AbstractCallSite.java:166)
	at com.jayway.restassured.internal.ResponseSpecificationImpl.statusCode(ResponseSpecificationImpl.groovy:128)
	at com.jayway.restassured.internal.ValidatableResponseOptionsImpl.statusCode(ValidatableResponseOptionsImpl.java:117)
	at com.nasa.gov.rest.SoundsTest.testInvalidLimit(SoundsTest.java:128)
... Removed 39 stack frames]]>
    </failure>
  </testcase> <!-- testInvalidLimit -->
  <testcase name="testInvalidSearchRequest" time="0.4" classname="com.nasa.gov.rest.SoundsTest">
    <failure type="java.lang.AssertionError" message="expected [200] but found [429]">
      <![CDATA[java.lang.AssertionError: expected [200] but found [429]
	at com.nasa.gov.rest.SoundsTest.testInvalidSearchRequest(SoundsTest.java:77)
... Removed 35 stack frames]]>
    </failure>
  </testcase> <!-- testInvalidSearchRequest -->
  <testcase name="testLargeLimit" time="0.403" classname="com.nasa.gov.rest.SoundsTest">
    <failure type="java.lang.AssertionError" message="expected [200] but found [429]">
      <![CDATA[java.lang.AssertionError: expected [200] but found [429]
	at com.nasa.gov.rest.SoundsTest.testLargeLimit(SoundsTest.java:96)
... Removed 35 stack frames]]>
    </failure>
  </testcase> <!-- testLargeLimit -->
  <testcase name="testMissingKey" time="0.416" classname="com.nasa.gov.rest.SoundsTest"/>
  <testcase name="testMissingParameters" time="0.411" classname="com.nasa.gov.rest.SoundsTest">
    <failure type="java.lang.AssertionError" message="1 expectation failed.
Expected status code &amp;lt;200&amp;gt; doesn&amp;apos;t match actual status code &amp;lt;429&amp;gt;.
">
      <![CDATA[java.lang.AssertionError: 1 expectation failed.
Expected status code <200> doesn't match actual status code <429>.

	at org.codehaus.groovy.runtime.callsite.ConstructorSite$ConstructorSiteNoUnwrap.callConstructor(ConstructorSite.java:84)
	at org.codehaus.groovy.runtime.callsite.AbstractCallSite.callConstructor(AbstractCallSite.java:247)
	at com.jayway.restassured.internal.ResponseSpecificationImpl$HamcrestAssertionClosure.validate(ResponseSpecificationImpl.groovy:598)
	at com.jayway.restassured.internal.ResponseSpecificationImpl$HamcrestAssertionClosure$validate$1.call(Unknown Source)
	at com.jayway.restassured.internal.ResponseSpecificationImpl.validateResponseIfRequired(ResponseSpecificationImpl.groovy:760)
	at org.codehaus.groovy.runtime.callsite.PogoMetaMethodSite$PogoCachedMethodSiteNoUnwrapNoCoerce.invoke(PogoMetaMethodSite.java:210)
	at org.codehaus.groovy.runtime.callsite.PogoMetaMethodSite.callCurrent(PogoMetaMethodSite.java:59)
	at org.codehaus.groovy.runtime.callsite.AbstractCallSite.callCurrent(AbstractCallSite.java:166)
	at com.jayway.restassured.internal.ResponseSpecificationImpl.statusCode(ResponseSpecificationImpl.groovy:120)
	at com.jayway.restassured.specification.ResponseSpecification$statusCode$1.callCurrent(Unknown Source)
	at com.jayway.restassured.internal.ResponseSpecificationImpl.statusCode(ResponseSpecificationImpl.groovy:128)
	at com.jayway.restassured.internal.ValidatableResponseOptionsImpl.statusCode(ValidatableResponseOptionsImpl.java:117)
	at com.nasa.gov.rest.SoundsTest.testMissingParameters(SoundsTest.java:145)
... Removed 39 stack frames]]>
    </failure>
  </testcase> <!-- testMissingParameters -->
  <testcase name="testRequestResponseTime" time="0.411" classname="com.nasa.gov.rest.SoundsTest"/>
  <testcase name="testSmallLimit" time="0.401" classname="com.nasa.gov.rest.SoundsTest">
    <failure type="java.lang.AssertionError" message="expected [200] but found [429]">
      <![CDATA[java.lang.AssertionError: expected [200] but found [429]
	at com.nasa.gov.rest.SoundsTest.testSmallLimit(SoundsTest.java:113)
... Removed 35 stack frames]]>
    </failure>
  </testcase> <!-- testSmallLimit -->
  <testcase name="testValidRequest" time="0.4" classname="com.nasa.gov.rest.SoundsTest">
    <failure type="java.lang.AssertionError" message="expected [200] but found [429]">
      <![CDATA[java.lang.AssertionError: expected [200] but found [429]
	at com.nasa.gov.rest.SoundsTest.testValidRequest(SoundsTest.java:42)
... Removed 35 stack frames]]>
    </failure>
  </testcase> <!-- testValidRequest -->
</testsuite> <!-- Surefire test -->
